Base path: C:/Program Files/Unity/Editor/Data
Cmd: initializeCompiler
Cmd: disassembleShader
  api=4 insize=1170 outsize=2257 ok=1
Cmd: compileSnippet
  api=1 type=1 insize=10418 outsize=1012 kw= pd=UNITY_ENABLE_REFLECTION_BUFFERS UNITY_USE_DITHER_MASK_FOR_ALPHABLENDED_SHADOWS UNITY_PBS_USE_BRDF1 UNITY_SPECCUBE_BOX_PROJECTION UNITY_SPECCUBE_BLENDING UNITY_ENABLE_DETAIL_NORMALMAP SHADER_API_DESKTOP UNITY_COLORSPACE_GAMMA ok=1
Cmd: disassembleShader
  api=1 insize=1012 outsize=1766 ok=1
Cmd: disassembleShader
  api=4 insize=822 outsize=1635 ok=1
Cmd: disassembleShader
  api=4 insize=822 outsize=1635 ok=1
Cmd: disassembleShader
  api=4 insize=742 outsize=1566 ok=1
Cmd: disassembleShader
  api=4 insize=1294 outsize=2467 ok=1
Cmd: disassembleShader
  api=4 insize=1950 outsize=3237 ok=1
Cmd: disassembleShader
  api=4 insize=1170 outsize=2257 ok=1
Cmd: disassembleShader
  api=4 insize=1702 outsize=2870 ok=1
Cmd: disassembleShader
  api=4 insize=822 outsize=1635 ok=1
Cmd: disassembleShader
  api=4 insize=2446 outsize=3835 ok=1
Cmd: disassembleShader
  api=4 insize=822 outsize=1635 ok=1
Cmd: disassembleShader
  api=4 insize=890 outsize=1758 ok=1
